<?xml version="1.0" encoding="UTF-8"?>
<!-- Generated by org.testng.reporters.JUnitReportReporter -->
<testsuite skipped="0" hostname="VIVEK" name="abc.LogInDetails" tests="1" failures="0" timestamp="15 Sep 2021 12:40:15 GMT" time="7.863" errors="0">
  <testcase name="logInData" time="7.863" classname="abc.LogInDetails"/>
</testsuite> <!-- abc.LogInDetails -->
