<?xml version="1.0" encoding="UTF-8"?>
<!-- Generated by org.testng.reporters.JUnitReportReporter -->
<testsuite skipped="0" hostname="TMQAVIVEK" name="abc.Abc1" tests="1" failures="0" timestamp="14 Sep 2021 03:19:37 GMT" time="0.012" errors="0">
  <testcase name="printHello" time="0.012" classname="abc.Abc1"/>
</testsuite> <!-- abc.Abc1 -->
