<?xml version="1.0" encoding="UTF-8"?>
<!-- Generated by org.testng.reporters.JUnitReportReporter -->
<testsuite skipped="0" hostname="VIVEK" name="abc.AbcTest" tests="1" failures="0" timestamp="23 Sep 2021 02:05:57 GMT" time="12.898" errors="0">
  <testcase name="launchBrowser" time="12.898" classname="abc.AbcTest"/>
</testsuite> <!-- abc.AbcTest -->
